2022-01-23-10:00:25
######################################################################
Epoch    Train_Loss   Train_SRCC   Test_SRCC   Test_PLCC
Training and testing on bid dataset for 10 rounds...
2022-01-23-10:00:42
######################################################################
Epoch    Train_Loss   Train_SRCC   Test_SRCC   Test_PLCC
Training and testing on bid dataset for 10 rounds...
2022-01-23-10:04:03
######################################################################
Epoch    Train_Loss   Train_SRCC   Test_SRCC   Test_PLCC
Training and testing on bid dataset for 10 rounds...
1	1.080		0.3080		0.4879		0.4892
2	0.983		0.3754		0.3508		0.3528
3	0.992		0.3816		0.1583		0.1674
4	0.979		0.3917		0.4481		0.4567
5	0.986		0.4001		0.5089		0.5051
6	0.960		0.4371		0.4465		0.4181
7	0.971		0.4284		0.4037		0.4252
8	0.873		0.5149		0.4848		0.4697
9	0.843		0.5577		0.5353		0.5355
10	0.849		0.5549		0.5090		0.5072
11	0.846		0.5551		0.5323		0.5285
12	0.849		0.5487		0.5082		0.5033
13	0.845		0.5603		0.5100		0.5250
14	0.818		0.5723		0.5384		0.5548
15	0.810		0.5865		0.5441		0.5506
16	0.830		0.5682		0.5197		0.5199
17	0.825		0.5725		0.5157		0.5185
18	0.835		0.5685		0.5383		0.5359
19	0.832		0.5613		0.5200		0.5240
20	0.808		0.5873		0.5305		0.5212
Best test SRCC 0.544141, PLCC 0.550633
2022-01-23-10:56:35
######################################################################
Epoch    Train_Loss   Train_SRCC   Test_SRCC   Test_PLCC
Training and testing on bid dataset for 10 rounds...
1	1.096		0.3237		0.5793		0.5564
2	1.038		0.3191		0.4130		0.4220
3	0.976		0.4029		0.5428		0.5396
4	0.963		0.4201		0.5108		0.4989
5	0.975		0.4240		0.3220		0.3133
6	0.990		0.3911		0.6354		0.5966
7	0.955		0.4554		0.6177		0.6009
8	0.883		0.5320		0.5930		0.5620
q
9	0.853		0.5548		0.6359		0.6331
10	0.857		0.5466		0.6084		0.5963
11	0.857		0.5535		0.6486		0.6296
12	0.844		0.5577		0.6535		0.6407
13	0.842		0.5597		0.6474		0.6276
14	0.832		0.5759		0.6699		0.6564
15	0.841		0.5553		0.6698		0.6443
16	0.823		0.5812		0.6538		0.6452
17	0.826		0.5836		0.6540		0.6539
18	0.821		0.5717		0.6367		0.6259
19	0.825		0.5806		0.6488		0.6321
20	0.813		0.5801		0.6426		0.6429
Best test SRCC 0.669949, PLCC 0.656400
1	1.052		0.3035		0.3839		0.3959
1	1.110		0.3251		0.1639		0.1353
2	1.047		0.3390		0.4862		0.4605
3	1.009		0.3880		0.5088		0.4995
4	0.961		0.4301		0.2362		0.2886
5	0.938		0.4538		0.5214		0.5097
6	0.930		0.4727		0.4510		0.4695
7	0.920		0.4658		0.5287		0.5370
8	0.851		0.5562		0.5149		0.5383
9	0.832		0.5729		0.4211		0.4648
10	0.836		0.5682		0.4997		0.5136
11	0.827		0.5734		0.5209		0.5342
12	0.833		0.5778		0.4907		0.5008
2022-01-23-11:52:47
######################################################################
Epoch	Train_Loss	Train_SRCC	Test_SRCC	Test_PLCC
Training and testing on bid dataset for 10 rounds...
2022-01-23-11:57:39
######################################################################
Epoch	Train_Loss	Train_SRCC	Test_SRCC	Test_PLCC
Training and testing on bid dataset for 10 rounds...
2022-01-23-12:03:14
######################################################################
Epoch    Train_Loss   Train_SRCC   Test_SRCC   Test_PLCC
Training and testing on bid dataset for 10 rounds...
1	1.087		0.2550		0.4263		0.3795
2022-01-23-12:20:20
######################################################################
Epoch	Train_Loss	Train_SRCC	Test_SRCC	Test_PLCC
Training and testing on bid dataset for 10 rounds...
2022-01-23-15:14:56
######################################################################
Epoch	Train_Loss	Train_SRCC	Test_SRCC	Test_PLCC
Training and testing on bid dataset for 10 rounds...
2022-01-23-15:47:20
######################################################################
Epoch	Train_Loss	Train_SRCC	Test_SRCC	Test_PLCC
Training and testing on bid dataset for 10 rounds...
2022-01-23-15:49:01
######################################################################
Epoch	Train_Loss	Train_SRCC	Test_SRCC	Test_PLCC
Training and testing on bid dataset for 10 rounds...
2022-01-23-15:52:38
######################################################################
Epoch	Train_Loss	Train_SRCC	Test_SRCC	Test_PLCC
Training and testing on bid dataset for 10 rounds...
2022-01-23-15:53:03
######################################################################
Epoch	Train_Loss	Train_SRCC	Test_SRCC	Test_PLCC
Training and testing on bid dataset for 10 rounds...
2022-01-23-15:55:07
######################################################################
Epoch	Train_Loss	Train_SRCC	Test_SRCC	Test_PLCC
Training and testing on bid dataset for 10 rounds...
2022-01-23-15:55:15
######################################################################
Epoch	Train_Loss	Train_SRCC	Test_SRCC	Test_PLCC
Training and testing on bid dataset for 10 rounds...
2022-01-23-15:57:37
######################################################################
Epoch	Train_Loss	Train_SRCC	Test_SRCC	Test_PLCC
Training and testing on bid dataset for 10 rounds...
2022-01-23-16:00:37
######################################################################
Epoch	Train_Loss	Train_SRCC	Test_SRCC	Test_PLCC
Training and testing on bid dataset for 10 rounds...
2022-01-23-16:28:05
######################################################################
Epoch	Train_Loss	Train_SRCC	Test_SRCC	Test_PLCC
Training and testing on bid dataset for 10 rounds...
2022-01-23-16:29:45
######################################################################
Epoch	Train_Loss	Train_SRCC	Test_SRCC	Test_PLCC
Training and testing on bid dataset for 10 rounds...
2022-01-23-16:31:13
######################################################################
Epoch	Train_Loss	Train_SRCC	Test_SRCC	Test_PLCC
Training and testing on bid dataset for 10 rounds...
2022-01-23-16:31:41
######################################################################
Epoch	Train_Loss	Train_SRCC	Test_SRCC	Test_PLCC
Training and testing on bid dataset for 10 rounds...
2022-01-23-17:17:09
######################################################################
Epoch	Train_Loss	Train_SRCC	Test_SRCC	Test_PLCC
Training and testing on bid dataset for 10 rounds...
2022-01-23-17:18:50
######################################################################
Epoch	Train_Loss	Train_SRCC	Test_SRCC	Test_PLCC
Training and testing on bid dataset for 10 rounds...
2022-01-23-17:20:30
######################################################################
Epoch	Train_Loss	Train_SRCC	Test_SRCC	Test_PLCC
Training and testing on bid dataset for 10 rounds...
2022-01-23-17:26:11
######################################################################
Epoch	Train_Loss	Train_SRCC	Test_SRCC	Test_PLCC
Training and testing on bid dataset for 10 rounds...
2022-01-23-17:35:38
######################################################################
Epoch	Train_Loss	Train_SRCC	Test_SRCC	Test_PLCC
Training and testing on bid dataset for 10 rounds...
2022-01-23-18:14:09
######################################################################
Epoch	Train_Loss	Train_SRCC	Test_SRCC	Test_PLCC
Training and testing on bid dataset for 10 rounds...
2022-01-23-18:29:02
######################################################################
Epoch	Train_Loss	Train_SRCC	Test_SRCC	Test_PLCC
Training and testing on bid dataset for 10 rounds...
2022-01-23-18:39:49
######################################################################
Epoch	Train_Loss	Train_SRCC	Test_SRCC	Test_PLCC
Training and testing on bid dataset for 10 rounds...
2022-01-23-18:46:57
######################################################################
Epoch	Train_Loss	Train_SRCC	Test_SRCC	Test_PLCC
Training and testing on bid dataset for 10 rounds...
2022-01-23-18:48:52
######################################################################
Epoch	Train_Loss	Train_SRCC	Test_SRCC	Test_PLCC
Training and testing on bid dataset for 10 rounds...
2022-01-23-18:49:18
######################################################################
Epoch	Train_Loss	Train_SRCC	Test_SRCC	Test_PLCC
Training and testing on bid dataset for 10 rounds...
2022-01-23-18:49:43
######################################################################
Epoch	Train_Loss	Train_SRCC	Test_SRCC	Test_PLCC
Training and testing on bid dataset for 10 rounds...
2022-01-23-18:53:13
######################################################################
Epoch	Train_Loss	Train_SRCC	Test_SRCC	Test_PLCC
Training and testing on bid dataset for 10 rounds...
2022-01-23-18:53:36
######################################################################
Epoch    Train_Loss   Train_SRCC   Test_SRCC   Test_PLCC
Training and testing on bid dataset for 10 rounds...
2022-01-23-18:54:36
######################################################################
Epoch    Train_Loss   Train_SRCC   Test_SRCC   Test_PLCC
Training and testing on bid dataset for 10 rounds...
2022-01-23-18:56:07
######################################################################
Epoch    Train_Loss   Train_SRCC   Test_SRCC   Test_PLCC
Training and testing on bid dataset for 10 rounds...
2022-01-23-19:07:01
######################################################################
Epoch    Train_Loss   Train_SRCC   Test_SRCC   Test_PLCC
Training and testing on bid dataset for 10 rounds...
2022-01-23-19:11:05
######################################################################
Epoch    Train_Loss   Train_SRCC   Test_SRCC   Test_PLCC
Training and testing on bid dataset for 10 rounds...
2022-01-23-19:16:14
######################################################################
Epoch    Train_Loss   Train_SRCC   Test_SRCC   Test_PLCC
Training and testing on bid dataset for 10 rounds...
2022-01-23-19:24:04
######################################################################
Epoch    Train_Loss   Train_SRCC   Test_SRCC   Test_PLCC
Training and testing on bid dataset for 10 rounds...
2022-01-23-19:24:22
######################################################################
Epoch    Train_Loss   Train_SRCC   Test_SRCC   Test_PLCC
Training and testing on bid dataset for 10 rounds...
2022-01-23-19:25:23
######################################################################
Epoch    Train_Loss   Train_SRCC   Test_SRCC   Test_PLCC
Training and testing on bid dataset for 10 rounds...
2022-01-23-19:29:14
######################################################################
Epoch    Train_Loss   Train_SRCC   Test_SRCC   Test_PLCC
Training and testing on bid dataset for 10 rounds...
2022-01-23-19:30:45
######################################################################
Epoch    Train_Loss   Train_SRCC   Test_SRCC   Test_PLCC
Training and testing on bid dataset for 10 rounds...
2022-01-23-19:42:36
######################################################################
Epoch    Train_Loss   Train_SRCC   Test_SRCC   Test_PLCC
Training and testing on bid dataset for 10 rounds...
2022-01-23-19:43:26
######################################################################
Epoch    Train_Loss   Train_SRCC   Test_SRCC   Test_PLCC
Training and testing on bid dataset for 10 rounds...
2022-01-23-19:55:00
######################################################################
Epoch    Train_Loss   Train_SRCC   Test_SRCC   Test_PLCC
Training and testing on bid dataset for 10 rounds...
2022-01-23-19:57:46
######################################################################
Epoch    Train_Loss   Train_SRCC   Test_SRCC   Test_PLCC
Training and testing on bid dataset for 10 rounds...
2022-01-23-19:59:22
######################################################################
Epoch    Train_Loss   Train_SRCC   Test_SRCC   Test_PLCC
Training and testing on bid dataset for 10 rounds...
2022-01-23-20:02:52
######################################################################
Epoch    Train_Loss   Train_SRCC   Test_SRCC   Test_PLCC
Training and testing on bid dataset for 10 rounds...
2022-01-23-20:04:34
######################################################################
Epoch    Train_Loss   Train_SRCC   Test_SRCC   Test_PLCC
Training and testing on bid dataset for 10 rounds...
2022-01-23-20:05:36
######################################################################
Epoch    Train_Loss   Train_SRCC   Test_SRCC   Test_PLCC
Training and testing on bid dataset for 10 rounds...
2022-01-23-20:07:10
######################################################################
Epoch    Train_Loss   Train_SRCC   Test_SRCC   Test_PLCC
Training and testing on bid dataset for 10 rounds...
1	1.283		0.0920		0.2691		0.2242
2022-01-23-20:09:24
######################################################################
Epoch    Train_Loss   Train_SRCC   Test_SRCC   Test_PLCC
Training and testing on bid dataset for 10 rounds...
2022-01-23-20:15:50
######################################################################
Epoch    Train_Loss   Train_SRCC   Test_SRCC   Test_PLCC
Training and testing on bid dataset for 10 rounds...
1	1.239		0.0623		0.0568		0.0220
2	1.204		0.0986		0.4743		0.4970
3	1.285		0.1020		0.4255		0.4404
4	1.052		0.2283		0.3436		0.3659
5	1.277		0.1760		0.1245		0.0616
6	1.091		0.1489		0.3231		0.3075
7	1.098		0.2179		0.4174		0.4106
8	0.965		0.3305		0.5208		0.5225
9	0.975		0.3308		0.5402		0.5455
10	0.959		0.3521		0.5067		0.5210
11	0.966		0.3417		0.5882		0.5741
12	0.891		0.4564		0.5611		0.5782
13	0.950		0.3999		0.5446		0.5174
14	0.940		0.3688		0.5749		0.5656
15	0.923		0.4141		0.5482		0.5428
16	0.933		0.3775		0.5308		0.5335
17	0.936		0.3938		0.5026		0.5082
18	0.916		0.4247		0.5582		0.5593
19	0.911		0.4242		0.5569		0.5457
20	0.887		0.4569		0.5548		0.5495
Best test SRCC 0.588193, PLCC 0.574120
1	1.251		0.1661		0.2032		0.2140
2	1.201		0.1562		0.4622		0.4510
3	1.123		0.2008		0.4422		0.4255
4	1.070		0.2256		0.5213		0.4994
5	1.186		0.1237		0.4492		0.4086
6	1.096		0.1941		0.4738		0.4490
7	1.128		0.2342		0.3902		0.3790
8	0.988		0.3374		0.4967		0.4796
9	0.972		0.3479		0.4876		0.4722
10	0.979		0.3470		0.5103		0.5017
11	0.976		0.3400		0.5502		0.5359
12	0.968		0.3504		0.5662		0.5435
13	0.969		0.3836		0.5501		0.5225
14	0.944		0.4038		0.5302		0.5260
15	0.946		0.4375		0.5590		0.5436
16	0.941		0.4139		0.5583		0.5424
17	0.915		0.4587		0.5768		0.5523
18	0.927		0.4180		0.5687		0.5526
19	0.922		0.4225		0.5717		0.5604
20	0.923		0.4200		0.5733		0.5604
Best test SRCC 0.576826, PLCC 0.552270
